<?xml version="1.0" encoding="UTF-8"?>
<!-- Generated by org.testng.reporters.JUnitReportReporter -->
<testsuite skipped="0" hostname="Waqass-MacBook-Pro.local" name="testNGPackage.Day04_Parameters2" tests="1" failures="0" timestamp="2020-11-18T20:18:17 EST" time="6.577" errors="0">
  <testcase name="testDrupal" time="6.577" classname="testNGPackage.Day04_Parameters2"/>
  <system-out/>
</testsuite> <!-- testNGPackage.Day04_Parameters2 -->
