<?xml version="1.0" encoding="UTF-8"?>
<!-- Generated by org.testng.reporters.JUnitReportReporter -->
<testsuite skipped="0" hostname="Waqass-MacBook-Pro.local" name="testNGPackage.Day03_Task" tests="2" failures="0" timestamp="2020-11-16T21:29:32 EST" time="14.102" errors="0">
  <testcase name="createAccount" time="11.415" classname="testNGPackage.Day03_Task"/>
  <system-out/>
  <testcase name="verifyLogin" time="2.687" classname="testNGPackage.Day03_Task"/>
  <system-out/>
</testsuite> <!-- testNGPackage.Day03_Task -->
