<?xml version="1.0" encoding="UTF-8"?>
<!-- Generated by org.testng.reporters.JUnitReportReporter -->
<testsuite skipped="0" hostname="Waqass-MacBook-Pro.local" name="testNGPackage.Day04_Parameters" tests="2" failures="0" timestamp="2020-11-19T20:23:43 EST" time="2.841" errors="0">
  <testcase name="testMehtod" time="0.003" classname="testNGPackage.Day04_Parameters"/>
  <system-out/>
  <testcase name="loginFunctionality" time="2.838" classname="testNGPackage.Day04_Parameters"/>
  <system-out/>
</testsuite> <!-- testNGPackage.Day04_Parameters -->
