<?xml version="1.0" encoding="UTF-8"?>
<!-- Generated by org.testng.reporters.JUnitReportReporter -->
<testsuite skipped="0" hostname="Waqass-MacBook-Pro.local" name="testNGPackage.Day07_TaskTestNG" tests="2" failures="0" timestamp="2020-11-24T19:16:28 EST" time="22.822" errors="0">
  <testcase name="createAccount" time="10.447" classname="testNGPackage.Day07_TaskTestNG"/>
  <system-out/>
  <testcase name="createAccount" time="12.375" classname="testNGPackage.Day07_TaskTestNG"/>
  <system-out/>
</testsuite> <!-- testNGPackage.Day07_TaskTestNG -->
