<?xml version="1.0" encoding="UTF-8"?>
<!-- Generated by org.testng.reporters.JUnitReportReporter -->
<testsuite skipped="0" hostname="Waqass-MacBook-Pro.local" name="testNGPackage.Day02_Priority" tests="1" failures="0" timestamp="2020-11-16T19:52:10 EST" time="0.006" errors="0">
  <testcase name="cthirdMethod" time="0.006" classname="testNGPackage.Day02_Priority"/>
  <system-out/>
</testsuite> <!-- testNGPackage.Day02_Priority -->
