<?xml version="1.0" encoding="UTF-8"?>
<!-- Generated by org.testng.reporters.JUnitReportReporter -->
<testsuite skipped="0" hostname="Waqass-MacBook-Pro.local" name="testNGPackage.Day06_TaskTestNG" tests="1" failures="0" timestamp="2020-11-19T20:26:35 EST" time="3.082" errors="0">
  <testcase name="createAccount" time="3.082" classname="testNGPackage.Day06_TaskTestNG"/>
  <system-out/>
</testsuite> <!-- testNGPackage.Day06_TaskTestNG -->
