<?xml version="1.0" encoding="UTF-8"?>
<!-- Generated by org.testng.reporters.JUnitReportReporter -->
<testsuite skipped="0" hostname="Waqass-MacBook-Pro.local" name="testNGPackage.Day01_TestNG" tests="2" failures="0" timestamp="2020-11-16T19:41:51 EST" time="0.002" errors="0">
  <testcase name="testMethodTwo" time="0.002" classname="testNGPackage.Day01_TestNG"/>
  <system-out/>
  <testcase name="testMethodOne" time="0.000" classname="testNGPackage.Day01_TestNG"/>
  <system-out/>
</testsuite> <!-- testNGPackage.Day01_TestNG -->
