<?xml version="1.0" encoding="UTF-8"?>
<!-- Generated by org.testng.reporters.JUnitReportReporter -->
<testsuite skipped="0" hostname="Waqass-MacBook-Pro.local" name="testNGPackage.Day04_DataProvider" tests="2" failures="0" timestamp="2020-11-17T21:36:42 EST" time="7.898" errors="0">
  <testcase name="test" time="4.751" classname="testNGPackage.Day04_DataProvider"/>
  <system-out/>
  <testcase name="test" time="3.147" classname="testNGPackage.Day04_DataProvider"/>
  <system-out/>
</testsuite> <!-- testNGPackage.Day04_DataProvider -->
