<?xml version="1.0" encoding="UTF-8"?>
<!-- Generated by org.testng.reporters.JUnitReportReporter -->
<testsuite skipped="0" hostname="Waqass-MacBook-Pro.local" name="testNGPackage.Day01_TestNGLogin" tests="3" failures="0" timestamp="2020-11-17T20:29:35 EST" time="25.007" errors="0">
  <testcase name="verifyTitle" time="1.743" classname="testNGPackage.Day01_TestNGLogin"/>
  <system-out/>
  <testcase name="validLogin" time="7.733" classname="testNGPackage.Day01_TestNGLogin"/>
  <system-out/>
  <testcase name="invalidLogin" time="15.531" classname="testNGPackage.Day01_TestNGLogin"/>
  <system-out/>
</testsuite> <!-- testNGPackage.Day01_TestNGLogin -->
